Warning: unknown package "test-app"
Warning: unknown package "test-app"
Warning: unknown package "test-app"
# Unlabeled Changes

* `ember-routable-component`
  * [#38](https://github.com/patricklx/ember-routable-component/pull/38) Bump eslint-config-prettier from 9.0.0 to 9.1.0 ([@dependabot[bot]](https://github.com/apps/dependabot))
  * [#36](https://github.com/patricklx/ember-routable-component/pull/36) Bump rollup from 4.13.2 to 4.14.3 ([@dependabot[bot]](https://github.com/apps/dependabot))
  * [#28](https://github.com/patricklx/ember-routable-component/pull/28) Bump @babel/plugin-proposal-decorators from 7.20.13 to 7.24.1 ([@dependabot[bot]](https://github.com/apps/dependabot))
  * [#18](https://github.com/patricklx/ember-routable-component/pull/18) Bump eslint-plugin-prettier from 5.0.0 to 5.1.3 ([@dependabot[bot]](https://github.com/apps/dependabot))
  * [#21](https://github.com/patricklx/ember-routable-component/pull/21) Bump @embroider/addon-shim from 1.0.0 to 1.8.7 ([@dependabot[bot]](https://github.com/apps/dependabot))
  * [#23](https://github.com/patricklx/ember-routable-component/pull/23) Bump rollup from 3.21.8 to 4.13.2 ([@dependabot[bot]](https://github.com/apps/dependabot))
  * [#15](https://github.com/patricklx/ember-routable-component/pull/15) Bump rollup-plugin-copy from 3.4.0 to 3.5.0 ([@dependabot[bot]](https://github.com/apps/dependabot))
* `test-app`
  * [#39](https://github.com/patricklx/ember-routable-component/pull/39) Bump @ember/test-helpers from 3.2.0 to 3.3.0 ([@dependabot[bot]](https://github.com/apps/dependabot))
  * [#37](https://github.com/patricklx/ember-routable-component/pull/37) Bump webpack from 5.88.2 to 5.91.0 ([@dependabot[bot]](https://github.com/apps/dependabot))
  * [#29](https://github.com/patricklx/ember-routable-component/pull/29) Bump stylelint-config-standard from 34.0.0 to 36.0.0 ([@dependabot[bot]](https://github.com/apps/dependabot))
  * [#30](https://github.com/patricklx/ember-routable-component/pull/30) Bump ember-template-imports from 3.4.2 to 4.1.0 ([@dependabot[bot]](https://github.com/apps/dependabot))
  * [#32](https://github.com/patricklx/ember-routable-component/pull/32) Bump release-plan from 0.8.0 to 0.9.0 ([@dependabot[bot]](https://github.com/apps/dependabot))
  * [#24](https://github.com/patricklx/ember-routable-component/pull/24) Bump ember-auto-import from 2.6.3 to 2.7.2 ([@dependabot[bot]](https://github.com/apps/dependabot))
  * [#19](https://github.com/patricklx/ember-routable-component/pull/19) Bump @embroider/test-setup from 3.0.1 to 3.0.3 ([@dependabot[bot]](https://github.com/apps/dependabot))
  * [#20](https://github.com/patricklx/ember-routable-component/pull/20) Bump stylelint-prettier from 4.0.2 to 5.0.0 ([@dependabot[bot]](https://github.com/apps/dependabot))
  * [#16](https://github.com/patricklx/ember-routable-component/pull/16) Bump ember-cli-babel from 8.0.0 to 8.2.0 ([@dependabot[bot]](https://github.com/apps/dependabot))
  * [#17](https://github.com/patricklx/ember-routable-component/pull/17) Bump stylelint from 15.10.3 to 16.2.1 ([@dependabot[bot]](https://github.com/apps/dependabot))
* `ember-routable-component`, `test-app`
  * [#33](https://github.com/patricklx/ember-routable-component/pull/33) Bump concurrently from 8.2.0 to 8.2.2 ([@dependabot[bot]](https://github.com/apps/dependabot))
  * [#35](https://github.com/patricklx/ember-routable-component/pull/35) Bump @typescript-eslint/eslint-plugin from 7.2.0 to 7.7.0 ([@dependabot[bot]](https://github.com/apps/dependabot))
  * [#25](https://github.com/patricklx/ember-routable-component/pull/25) Bump @glint/core from 1.3.0 to 1.4.0 ([@dependabot[bot]](https://github.com/apps/dependabot))
  * [#26](https://github.com/patricklx/ember-routable-component/pull/26) Bump @tsconfig/ember from 2.0.0 to 3.0.6 ([@dependabot[bot]](https://github.com/apps/dependabot))
  * [#27](https://github.com/patricklx/ember-routable-component/pull/27) Bump ember-template-lint from 5.13.0 to 6.0.0 ([@dependabot[bot]](https://github.com/apps/dependabot))
  * [#13](https://github.com/patricklx/ember-routable-component/pull/13) Bump ember-template-lint from 5.11.2 to 5.13.0 ([@dependabot[bot]](https://github.com/apps/dependabot))

*Cannot plan release until the above changes are labeled*.
